<?xml version="1.0" encoding="UTF-8"?>
<coverage generated="1456055913">
  <project timestamp="1456055913">
    <package name="Molovo\Object">
      <file name="/usr/local/var/www/object.dev/src/Object.php">
        <class name="Object" namespace="Molovo\Object">
          <metrics methods="8" coveredmethods="8" conditionals="0" coveredconditionals="0" statements="53" coveredstatements="53" elements="61" coveredelements="61"/>
        </class>
        <line num="22" type="method" name="__construct" crap="4" count="8"/>
        <line num="24" type="stmt" count="8"/>
        <line num="26" type="stmt" count="8"/>
        <line num="28" type="stmt" count="3"/>
        <line num="31" type="stmt" count="3"/>
        <line num="32" type="stmt" count="3"/>
        <line num="37" type="stmt" count="3"/>
        <line num="38" type="stmt" count="2"/>
        <line num="39" type="stmt" count="2"/>
        <line num="41" type="stmt" count="1"/>
        <line num="42" type="stmt" count="8"/>
        <line num="44" type="stmt" count="8"/>
        <line num="45" type="stmt" count="8"/>
        <line num="54" type="method" name="__get" crap="2" count="5"/>
        <line num="56" type="stmt" count="5"/>
        <line num="57" type="stmt" count="4"/>
        <line num="60" type="stmt" count="1"/>
        <line num="70" type="method" name="__set" crap="1" count="3"/>
        <line num="72" type="stmt" count="3"/>
        <line num="74" type="stmt" count="3"/>
        <line num="82" type="method" name="toArray" crap="3" count="1"/>
        <line num="84" type="stmt" count="1"/>
        <line num="86" type="stmt" count="1"/>
        <line num="87" type="stmt" count="1"/>
        <line num="88" type="stmt" count="1"/>
        <line num="89" type="stmt" count="1"/>
        <line num="90" type="stmt" count="1"/>
        <line num="91" type="stmt" count="1"/>
        <line num="93" type="stmt" count="1"/>
        <line num="103" type="method" name="getPointer" crap="2" count="1"/>
        <line num="105" type="stmt" count="1"/>
        <line num="106" type="stmt" count="1"/>
        <line num="107" type="stmt" count="1"/>
        <line num="109" type="stmt" count="1"/>
        <line num="119" type="method" name="valueForPath" crap="3" count="2"/>
        <line num="121" type="stmt" count="2"/>
        <line num="123" type="stmt" count="2"/>
        <line num="124" type="stmt" count="2"/>
        <line num="125" type="stmt" count="2"/>
        <line num="126" type="stmt" count="2"/>
        <line num="127" type="stmt" count="2"/>
        <line num="130" type="stmt" count="1"/>
        <line num="131" type="stmt" count="2"/>
        <line num="133" type="stmt" count="2"/>
        <line num="144" type="method" name="setValueForPath" crap="5" count="2"/>
        <line num="147" type="stmt" count="2"/>
        <line num="150" type="stmt" count="2"/>
        <line num="153" type="stmt" count="2"/>
        <line num="156" type="stmt" count="2"/>
        <line num="157" type="stmt" count="2"/>
        <line num="158" type="stmt" count="2"/>
        <line num="159" type="stmt" count="2"/>
        <line num="163" type="stmt" count="2"/>
        <line num="164" type="stmt" count="1"/>
        <line num="165" type="stmt" count="1"/>
        <line num="166" type="stmt" count="1"/>
        <line num="167" type="stmt" count="2"/>
        <line num="170" type="stmt" count="2"/>
        <line num="173" type="stmt" count="2"/>
        <line num="182" type="method" name="getIterator" crap="1" count="1"/>
        <line num="184" type="stmt" count="1"/>
        <metrics loc="186" ncloc="99" classes="1" methods="8" coveredmethods="8" conditionals="0" coveredconditionals="0" statements="53" coveredstatements="53" elements="61" coveredelements="61"/>
      </file>
    </package>
    <metrics files="1" loc="186" ncloc="99" classes="1" methods="8" coveredmethods="8" conditionals="0" coveredconditionals="0" statements="53" coveredstatements="53" elements="61" coveredelements="61"/>
  </project>
</coverage>
