<?xml version="1.0" encoding="UTF-8"?>
<coverage generated="1452634659">
  <project timestamp="1452634659">
    <package name="Molovo\Object">
      <file name="/usr/local/var/www/object.dev/src/Object.php">
        <class name="Object" namespace="Molovo\Object">
          <metrics methods="8" coveredmethods="8" conditionals="0" coveredconditionals="0" statements="48" coveredstatements="48" elements="56" coveredelements="56"/>
        </class>
        <line num="22" type="method" name="__construct" crap="3" count="7"/>
        <line num="24" type="stmt" count="7"/>
        <line num="25" type="stmt" count="7"/>
        <line num="26" type="stmt" count="2"/>
        <line num="27" type="stmt" count="2"/>
        <line num="28" type="stmt" count="7"/>
        <line num="30" type="stmt" count="7"/>
        <line num="31" type="stmt" count="7"/>
        <line num="40" type="method" name="__get" crap="2" count="4"/>
        <line num="42" type="stmt" count="4"/>
        <line num="43" type="stmt" count="3"/>
        <line num="46" type="stmt" count="1"/>
        <line num="56" type="method" name="__set" crap="1" count="3"/>
        <line num="58" type="stmt" count="3"/>
        <line num="60" type="stmt" count="3"/>
        <line num="68" type="method" name="toArray" crap="3" count="1"/>
        <line num="70" type="stmt" count="1"/>
        <line num="72" type="stmt" count="1"/>
        <line num="73" type="stmt" count="1"/>
        <line num="74" type="stmt" count="1"/>
        <line num="75" type="stmt" count="1"/>
        <line num="76" type="stmt" count="1"/>
        <line num="77" type="stmt" count="1"/>
        <line num="79" type="stmt" count="1"/>
        <line num="89" type="method" name="getPointer" crap="2" count="1"/>
        <line num="91" type="stmt" count="1"/>
        <line num="92" type="stmt" count="1"/>
        <line num="93" type="stmt" count="1"/>
        <line num="95" type="stmt" count="1"/>
        <line num="105" type="method" name="valueForPath" crap="3" count="2"/>
        <line num="107" type="stmt" count="2"/>
        <line num="109" type="stmt" count="2"/>
        <line num="110" type="stmt" count="2"/>
        <line num="111" type="stmt" count="2"/>
        <line num="112" type="stmt" count="2"/>
        <line num="113" type="stmt" count="2"/>
        <line num="116" type="stmt" count="1"/>
        <line num="117" type="stmt" count="2"/>
        <line num="119" type="stmt" count="2"/>
        <line num="130" type="method" name="setValueForPath" crap="5" count="2"/>
        <line num="133" type="stmt" count="2"/>
        <line num="136" type="stmt" count="2"/>
        <line num="139" type="stmt" count="2"/>
        <line num="142" type="stmt" count="2"/>
        <line num="143" type="stmt" count="2"/>
        <line num="144" type="stmt" count="2"/>
        <line num="145" type="stmt" count="2"/>
        <line num="149" type="stmt" count="2"/>
        <line num="150" type="stmt" count="1"/>
        <line num="151" type="stmt" count="1"/>
        <line num="152" type="stmt" count="1"/>
        <line num="153" type="stmt" count="2"/>
        <line num="156" type="stmt" count="2"/>
        <line num="159" type="stmt" count="2"/>
        <line num="168" type="method" name="getIterator" crap="1" count="1"/>
        <line num="170" type="stmt" count="1"/>
        <metrics loc="172" ncloc="97" classes="1" methods="8" coveredmethods="8" conditionals="0" coveredconditionals="0" statements="48" coveredstatements="48" elements="56" coveredelements="56"/>
      </file>
    </package>
    <metrics files="1" loc="172" ncloc="97" classes="1" methods="8" coveredmethods="8" conditionals="0" coveredconditionals="0" statements="48" coveredstatements="48" elements="56" coveredelements="56"/>
  </project>
</coverage>
